<?xml version="1.0" encoding="UTF-8"?>
<!-- Generated by org.testng.reporters.JUnitReportReporter -->
<testsuite hostname="Meghas-MacBook-Pro.local" failures="0" tests="1" name="com.express.qa.testcases.MenPageTest" time="18.340" errors="0" timestamp="18 Feb 2022 15:02:33 GMT">
  <testcase classname="com.express.qa.testcases.MenPageTest" name="menPageTest" time="18.340"/>
</testsuite> <!-- com.express.qa.testcases.MenPageTest -->
